79.6
95.6
93.2
87.1
94.7
93.0
91.5
94.9
98.0
95.6
92.6
87.5
91.7
90.2
92.6
97.6
96.0
95.0
63.6
70.2
95.9
96.3
68.1
84.2
90.9
93.9
68.1
83.2
97.9
90.0
72.5
75.2
95.0
86.5
91.1
88.8
90.5
84.2
96.1
90.4
90.8
97.2
86.5
86.9
83.2
77.2
91.6
84.4
90.5
83.7
95.1
72.7
0.0
84.8
86.4
77.2
77.7
90.2
90.7
90.2
90.0
76.3
93.5
95.1
91.0
91.7
87.3
82.4
83.3
93.4
89.5
79.0
84.1
83.3
63.6
87.6
89.5
86.5
0.0
66.9
95.4
87.9
80.2
84.3
95.9
93.0
95.6
91.4
77.3
85.7
63.3
92.4
91.6
89.5
97.6
91.1
73.5
71.8
89.0
91.6
92.1
87.7
84.6
79.1
91.1
89.5
88.4
73.4
95.3
81.4
96.9
98.7
92.9
73.9
86.8
0.4
97.6
86.6
83.9
60.3
95.5
96.7
89.8
82.5
92.7
88.0
83.0
92.2
94.5
75.2
87.7
87.9
91.5
85.1
81.1
92.4
80.4
86.4
85.1
88.1
81.0
97.9
87.5
86.6
92.9
96.0
85.1
93.4
88.5
78.6
92.4
96.9
87.6
78.3
84.6
86.7
92.1
92.3
91.2
93.4
90.4
85.8
77.7
74.2
97.1
94.4
55.7
85.3
86.5
83.7
92.2
76.2
84.9
82.3
78.9
80.7
94.4
71.2
77.7
75.3
95.2
96.4
96.0
90.9
71.4
91.1
77.5
94.0
95.3
84.4
70.0
86.9
97.7
81.2
91.4
98.6
92.6
94.8
55.8
94.5
89.4
87.4
95.2
86.2
90.6
90.2
90.0
84.0
74.6
70.9
60.0
82.9
93.8
75.8
92.2
74.3
88.9
69.8
90.6
96.8
85.4
83.0
87.2
92.7
79.6
86.7
94.7
94.2
94.9
91.2
79.7
95.6
97.1
72.7
91.7
90.7
87.8
0.0
96.7
79.9
79.4
79.1
92.0
90.9
88.3
89.9
93.9
97.8
94.3
97.6
95.1
93.0
97.0
55.1
91.4
91.4
92.3
88.2
92.5
94.5
92.6
88.5
87.1
88.0
87.2
73.3
82.3
91.9
93.9
75.5
85.4
92.2
91.7
91.1
58.3
69.0
89.9
94.0
93.1
61.6
74.4
84.3
82.8
69.7
71.9
68.0
85.6
73.5
68.8
85.6
80.6
90.8
79.4
81.2
79.2
78.4
76.7
94.7
90.4
84.5
80.9
98.1
95.2
91.0
88.6
77.8
92.9
93.9
0.0
67.8
86.4
90.6
90.6
80.9
83.0
93.6
90.4
82.6
93.9
83.0
94.6
97.4
85.4
94.6
76.2
88.4
87.9
0.0
93.0
82.5
88.2
89.9
83.2
85.8
85.9
66.1
84.6
87.8
96.1
93.1
97.3
86.7
94.6
84.5
91.3
86.4
70.3
91.5
79.2
91.1
89.2
84.3
0.0
67.4
83.8
96.9
65.4
92.6
77.4
86.9
75.1
62.6
94.8
94.1
77.2
85.8
89.5
93.4
93.6
92.3
80.0
92.1
76.5
96.6
79.5
96.0
91.5
86.9
0.0
86.6
97.7
97.8
95.1
90.4
86.2
79.3
93.1
93.5
91.6
0.0
0.0
87.3
94.1
61.0
96.3
89.6
94.7
88.5
92.7
87.0
84.2
98.0
80.4
89.9
77.2
91.4
86.7
93.3
83.8
95.4
88.3
88.0
77.5
83.8
83.3
87.1
96.8
79.9
75.8
88.9
93.6
74.9
97.8
79.2
66.8
88.3
69.1
75.0
89.7
77.0
83.5
97.8
88.5
89.9
97.6
85.7
83.9
0.0
89.2
93.6
93.6
90.7
0.0
88.3
90.8
64.8
57.6
65.3
79.5
69.6
94.8
97.8
0.1
88.4
70.4
97.6
84.7
85.2
94.5
77.9
80.1
87.9
88.4
97.0
0.0
88.6
80.7
85.8
96.2
92.1
91.9
90.8
87.7
90.7
76.5
87.5
84.6
95.3
95.9
0.0
88.0
96.5
89.7
97.0
97.8
96.5
78.7
75.3
80.2
93.5
91.4
79.5
81.9
81.4
92.5
0.0
95.8
93.9
93.1
96.6
89.5
96.9
90.0
84.0
95.8
97.7
90.1
0.0
78.6
85.1
82.8
87.9
0.0
62.5
93.7
89.2
86.6
96.4
88.0
80.7
87.4
96.2
0.0
79.7
82.0
75.4
95.5
91.7
90.2
98.4
82.9
86.7
90.6
66.8
94.8
83.5
85.0
68.0
96.5
88.4
74.5
91.3
84.6
63.5
90.2
94.2
82.3
86.1
90.4
77.5
96.6
97.2
96.8
69.2
63.2
76.6
9.5
0.0
90.8
89.1
93.4
87.4
92.8
86.5
95.6
96.8
88.2
95.8
79.7
97.7
55.3
93.0
86.6
77.8
91.6
88.0
58.6
81.7
96.2
89.9
90.2
95.4
78.9
88.5
91.6
80.4
90.6
89.3
84.4
85.9
91.1
67.5
79.7
96.6
91.7
91.2
84.7
85.1
86.4
62.7
83.4
88.7
81.0
66.5
55.4
90.5
91.9
89.8
90.9
88.6
90.8
89.7
92.5
83.4
87.6
89.8
87.6
92.9
89.7
89.4
87.8
72.8
85.1
84.0
91.5
88.9
96.3
89.3
71.6
88.3
83.7
95.0
77.9
91.4
94.8
97.9
69.8
93.9
63.9
84.4
87.1
94.1
88.7
84.7
87.3
83.0
0.0
82.0
94.0
91.3
82.4
86.7
84.7
77.2
96.5
89.6
88.0
94.9
93.4
83.3
87.8
95.4
95.4
82.1
80.4
86.8
92.2
92.0
77.7
97.7
87.8
87.0
96.8
84.4
89.8
89.7
81.1
87.5
93.8
91.4
76.2
89.5
82.1
93.1
82.1
93.4
76.9
0.0
97.2
88.9
98.5
97.6
97.2
84.9
76.9
78.0
87.7
91.8
71.7
88.3
93.4
78.2
89.7
74.2
83.7
60.0
86.0
90.0
90.3
87.2
96.0
82.1
89.5
94.6
95.1
97.4
77.1
84.3
74.2
90.3
86.3
95.4
86.6
87.1
89.9
95.8
81.8
91.2
86.8
97.5
86.1
94.1
85.5
0.0
93.1
75.9
95.3
89.6
91.4
90.8
94.3
92.8
94.0
84.1
73.3
70.6
94.7
91.1
94.3
85.3
91.8
0.1
88.9
97.8
79.4
87.6
91.9
97.2
96.5
87.2
85.4
58.4
78.6
90.9
96.4
92.7
92.2
83.5
91.9
80.8
83.1
62.7
96.3
89.7
89.4
92.8
91.6
94.0
97.9
87.5
88.7
88.8
89.8
84.4
87.2
85.5
98.0
82.7
90.3
77.7
91.7
95.3
96.7
87.4
88.3
76.8
76.4
92.8
88.7
89.6
86.5
86.8
75.7
89.4
90.2
91.2
93.5
97.0
90.7
92.1
62.8
94.1
75.2
66.3
93.5
87.6
97.6
91.5
78.7
88.0
93.9
54.3
83.9
90.2
93.7
95.7
94.6
91.7
71.5
81.5
80.3
80.9
90.7
0.0
96.9
88.5
57.2
86.1
92.1
58.5
93.9
60.9
93.2
96.6
94.5
0.0
86.8
93.3
82.1
86.2
83.0
95.7
87.3
0.0
79.0
89.3
71.4
91.3
91.7
89.5
86.9
83.1
92.8
93.6
96.2
80.8
95.6
87.3
96.9
78.4
82.1
82.8
93.2
97.4
78.5
92.6
86.0
95.4
80.8
88.8
97.3
83.1
88.2
96.9
90.2
91.3
88.3
86.6
94.7
90.9
0.0
89.9
95.6
91.6
77.3
93.6
83.5
65.9
69.5
93.0
56.5
92.0
81.0
77.1
92.0
87.8
93.6
93.7
98.2
0.3
88.2
90.0
92.4
74.6
65.5
81.0
83.6
97.7
94.6
85.5
94.2
92.1
97.5
79.7
62.1
72.9
90.3
76.3
96.6
84.5
92.7
79.9
71.9
86.7
95.2
90.8
77.1
88.1
77.1
96.0
95.1
68.2
94.0
94.2
86.3
0.0
94.6
88.5
91.3
91.4
87.9
87.6
88.3
92.9
90.5
98.6
91.8
87.0
77.3
89.8
92.7
90.2
60.7
89.3
75.6
83.8
75.3
84.4
96.8
92.8
88.1
90.4
60.8
78.6
91.4
83.9
83.1
96.9
60.6
96.0
93.7
92.4
72.7
86.4
85.6
97.1
82.4
94.8
74.7
97.8
94.1
77.5
96.1
90.2
96.5
62.1
89.7
91.1
95.6
97.2
92.2
90.2
88.5
94.2
75.0
94.5
89.1
86.5
89.6
90.8
96.8
92.5
93.4
90.6
85.8
84.5
97.4
96.0
79.0
0.2
97.6
96.3
90.6
83.9
97.6
95.1
93.1
82.3
83.9
91.5
93.2
84.9
84.0
90.1
97.0
97.9
98.1
86.7
93.0
73.1
58.6
95.1
89.2
93.2
92.5
77.7
89.0
74.8
68.5
78.5
89.9
69.8
0.1
92.7
78.0
92.8
92.3
77.9
91.5
92.8
96.9
96.0
86.8
94.5
80.0
65.5
96.0
94.5
84.7
83.7
82.5
89.1
71.1
81.8
97.8
80.4
81.6
91.2
93.1
64.9
85.5
93.0
91.5
93.1
91.9
90.4
94.3
97.3
90.2
91.4
90.7
80.2
75.7
94.9
0.0
74.2
90.4
90.1
90.4
88.5
84.4
93.9
91.0
78.3
84.8
86.3
94.0
92.3
80.0
95.2
90.4
89.5
87.5
74.1
92.3
84.3
84.6
91.7
79.3
93.6
80.8
91.2
81.7
93.7
88.1
76.5
97.1
90.2
84.9
94.2
90.3
96.2
72.1
0.0
98.0
91.4
88.4
94.8
86.0
94.8
85.7
92.8
79.8
90.4
0.3
93.4
93.6
90.9
72.8
0.0
91.9
90.7
92.4
90.0
87.8
89.0
97.7
86.1
92.3
93.1
96.5
80.9
97.5
88.9
78.7
84.7
78.1
98.3
79.5
75.6
76.0
87.7
90.5
91.2
96.4
75.9
90.7
91.0
94.6
82.6
94.9
95.7
84.7
86.5
97.5
90.2
96.6
83.4
77.2
0.3
94.9
81.5
92.6
91.4
92.7
88.1
77.8
91.6
0.0
95.1
86.0
92.2
98.0
86.7
81.5
85.2
84.2
89.7
88.4
96.0
77.8
82.1
82.2
96.4
89.7
89.0
81.9
79.9
92.6
91.1
79.0
0.0
87.2
94.0
90.8
86.9
82.1
86.3
81.1
88.8
83.8
88.5
93.2
92.2
89.5
91.8
97.9
80.6
89.4
85.6
65.7
78.5
81.0
95.3
81.1
97.1
90.6
82.0
98.6
81.0
0.0
77.4
95.6
98.8
74.7
94.2
91.3
94.8
82.9
88.3
94.2
74.6
93.2
87.1
88.9
85.0
95.9
98.6
73.0
0.0
88.3
91.6
90.5
67.6
64.6
69.7
92.0
97.2
95.8
95.1
66.0
84.3
79.1
0.0
91.6
91.7
87.6
91.7
86.7
87.0
97.4
65.5
95.9
89.4
93.6
97.7
91.0
86.8
87.8
97.7
89.1
92.4
89.0
91.5
85.7
82.4
93.3
93.9
87.4
63.4
95.3
84.8
80.4
83.3
87.3
86.5
0.0
96.4
81.0
94.8
94.9
83.4
79.7
77.2
71.7
87.6
94.2
82.5
94.7
92.1
0.0
91.0
92.5
97.2
85.1
0.0
82.1
93.9
0.1
0.0
0.0
72.0
92.0
0.0
0.0
98.3
86.7
84.0
93.2
76.5
69.8
88.6
96.8
96.0
94.1
82.8
86.0
80.7
89.1
86.6
89.9
91.6
93.7
91.4
95.3
87.3
95.6
91.3
97.7
63.7
83.6
0.0
96.7
77.6
77.2
90.5
98.1
81.3
77.4
75.8
68.2
94.0
79.0
89.4
88.9
89.1
95.4
95.9
82.8
75.7
91.6
94.2
94.6
79.4
89.1
83.0
93.7
77.4
90.3
89.1
89.8
86.7
92.2
88.4
95.9
98.2
79.9
89.0
84.1
92.1
85.4
0.1
97.2
95.4
86.2
0.0
79.8
93.8
84.3
98.3
96.5
71.2
95.3
68.2
89.7
93.4
71.5
92.3
89.1
90.6
83.3
81.1
77.3
83.7
87.0
92.7
81.0
57.0
75.1
74.8
84.2
67.2
90.8
92.1
89.2
95.8
71.5
90.0
86.9
85.2
83.8
87.8
96.7
88.9
61.1
82.8
0.0
91.3
93.9
81.8
86.0
81.9
75.5
89.7
88.6
95.4
83.1
94.3
0.0
89.3
90.4
84.4
92.0
94.2
93.5
85.1
60.7
86.3
94.7
79.6
91.6
69.0
92.5
96.9
92.0
88.0
83.4
95.5
95.0
82.4
97.8
94.2
89.2
64.8
64.2
97.5
88.6
72.6
90.3
90.3
86.7
95.4
89.9
96.0
0.0
89.5
95.4
84.5
82.3
97.2
93.4
86.4
90.9
80.1
89.8
0.0
91.3
91.1
74.2
89.1
95.0
97.5
92.9
89.9
87.2
87.9
93.5
94.3
77.2
94.4
72.3
63.2
76.8
89.6
90.7
73.4
93.3
87.0
94.5
73.4
83.6
88.3
90.5
94.2
92.2
84.8
84.9
97.4
82.3
88.0
90.6
93.5
78.7
94.4
89.0
93.6
94.2
86.4
74.0
81.6
91.9
98.0
79.4
72.9
84.6
87.3
83.0
87.5
57.8
84.1
90.7
91.1
91.8
96.5
86.4
0.2
91.0
0.0
90.9
94.8
95.2
92.4
74.8
89.6
96.7
85.1
88.4
90.9
90.3
93.5
85.7
89.0
67.0
91.2
92.8
88.8
95.0
84.9
95.5
94.7
97.9
0.0
93.7
83.3
95.9
0.0
56.7
96.3
90.1
82.7
86.4
96.9
94.2
96.0
95.0
84.9
91.8
96.8
58.5
79.5
75.2
87.7
94.0
81.6
92.8
62.5
85.0
93.4
94.6
78.9
0.0
88.3
88.9
94.6
90.9
81.6
87.7
96.9
97.7
91.8
89.2
81.0
91.4
74.2
94.8
0.0
86.4
88.6
76.6
84.1
64.2
74.8
87.8
92.4
92.7
95.8
76.2
80.3
79.7
76.1
94.6
88.2
98.1
83.0
89.4
87.0
98.8
84.1
66.0
89.3
64.6
97.9
92.6
91.2
85.6
86.1
87.0
90.5
95.1
95.3
92.6
95.0
90.4
96.3
82.8
97.0
89.7
91.7
94.7
82.3
91.4
94.4
75.5
85.9
82.7
85.0
94.8
92.0
95.5
94.0
0.1
86.6
85.9
95.0
92.9
0.0
84.6
94.3
67.8
88.2
76.3
90.0
90.5
93.7
91.4
89.6
88.2
94.9
90.6
92.2
84.7
78.4
85.8
86.6
97.9
58.6
78.0
94.9
70.3
89.3
77.4
92.6
82.2
93.8
73.9
96.8
84.1
76.1
60.6
84.3
87.0
76.8
97.2
90.8
71.0
86.7
96.0
79.6
96.4
0.0
86.2
62.0
90.9
78.2
91.4
83.9
63.3
72.7
63.3
0.0
83.2
81.3
88.6
92.1
92.3
92.6
0.5
88.7
88.2
84.4
0.1
89.7
89.5
77.6
76.6
95.0
80.8
85.6
85.7
77.3
78.3
89.0
91.7
73.0
57.4
91.5
90.4
91.2
86.6
87.6
89.1
93.4
87.3
89.8
84.8
91.8
91.8
92.2
95.0
86.5
98.0
0.0
95.9
96.4
83.7
88.6
90.8
93.0
91.0
80.0
78.6
88.1
80.3
88.5
87.0
89.3
90.8
82.5
87.3
77.0
94.9
92.5
98.4
97.2
94.9
89.6
83.4
90.4
88.9
67.3
89.1
91.8
97.1
85.9
92.0
94.3
94.3
87.8
91.2
90.6
87.3
66.1
92.5
87.6
84.7
0.0
95.1
83.7
90.2
91.9
86.4
82.5
78.9
90.2
95.7
97.9
92.6
87.4
97.5
79.8
77.5
90.5
92.2
75.3
94.9
94.0
80.3
92.8
94.3
77.4
93.4
73.5
79.5
91.6
92.7
72.4
0.7
87.5
88.7
98.2
94.8
71.2
83.6
80.3
92.0
68.2
88.3
81.3
0.0
86.6
92.5
98.0
89.5
90.9
89.3
66.1
94.8
90.1
74.6
84.6
89.5
92.4
93.2
86.8
93.7
94.5
93.4
89.4
0.0
81.5
63.0
91.2
96.7
79.4
89.6
97.7
83.4
91.1
93.2
91.0
85.5
98.4
86.6
87.4
98.3
84.9
76.0
91.5
92.6
84.0
91.1
81.2
83.0
94.7
89.6
92.8
58.7
81.5
93.8
93.6
96.3
85.6
97.3
91.5
91.1
91.6
87.4
84.8
80.0
81.3
94.7
90.0
85.7
76.5
83.8
94.8
91.6
73.6
0.0
82.4
95.9
92.1
87.6
90.8
96.2
89.8
93.9
88.9
91.1
93.6
70.0
87.3
90.2
82.7
88.5
91.3
84.9
88.3
90.8
95.7
74.7
97.2
95.2
79.8
66.3
82.0
95.8
93.1
63.1
75.4
94.6
96.7
86.1
93.4
87.0
94.2
86.9
66.4
63.4
93.9
89.4
88.5
92.2
82.6
68.2
95.3
86.1
74.9
94.2
72.2
0.0
97.4
89.1
98.1
92.4
76.8
0.0
0.0
85.8
96.7
90.1
78.2
92.5
74.2
77.7
86.7
96.3
96.7
87.5
96.8
90.0
91.9
86.8
79.7
94.3
0.5
87.8
77.2
90.2
0.0
91.3
90.9
92.7
94.9
88.2
94.3
82.8
74.6
86.9
93.0
90.7
89.1
87.2
92.5
88.8
85.3
75.2
89.1
94.4
0.0
93.9
64.4
95.2
96.4
94.8
93.9
70.4
98.2
90.9
97.8
0.0
91.6
92.6
81.9
86.7
0.2
80.3
94.6
81.1
94.1
89.2
82.6
82.1
86.9
91.0
87.3
0.0
96.5
96.2
84.4
97.6
84.1
82.5
94.0
96.3
91.4
95.2
97.1
80.9
85.7
0.0
89.5
92.5
89.5
91.6
96.7
92.6
91.8
84.5
98.6
95.0
85.1
89.0
60.3
83.7
70.8
69.2
88.0
95.3
0.0
94.5
91.9
92.1
92.1
82.9
85.5
55.0
79.2
93.3
96.0
90.1
84.4
92.6
73.1
74.5
97.0
90.8
90.8
76.9
79.7
76.1
94.3
86.1
95.2
88.9
66.9
78.7
86.0
85.8
89.1
83.5
95.9
0.0
93.3
84.1
90.7
78.0
87.9
92.9
91.0
89.7
79.0
84.2
75.2
82.6
97.8
90.8
94.1
76.2
92.5
81.8
96.2
94.7
91.9
55.0
97.1
90.8
72.6
83.3
87.1
83.1
0.0
94.7
95.1
91.7
85.5
72.4
90.7
97.2
84.5
93.1
95.4
78.1
86.7
81.3
70.0
88.9
92.8
96.4
92.2
85.2
92.4
77.5
91.9
65.9
95.9
93.0
74.3
89.7
92.7
0.1
81.0
94.9
95.4
79.8
74.7
92.7
0.1
94.4
90.0
66.7
87.3
76.2
77.1
96.2
89.3
70.1
96.9
91.7
88.4
89.9
93.7
97.6
84.1
81.9
90.8
81.4
78.7
76.5
72.6
0.0
87.0
87.9
88.6
82.6
72.8
95.2
93.7
0.0
62.1
91.1
90.1
91.2
66.6
59.5
90.1
86.8
77.5
73.4
97.5
89.2
91.8
94.1
89.6
95.9
67.6
89.8
93.8
57.3
90.9
78.3
66.3
81.3
90.7
87.3
97.3
83.1
94.1
83.6
84.7
87.0
94.3
95.9
88.9
88.0
90.1
95.0
75.8
90.9
90.1
0.2
87.8
78.0
83.8
97.6
80.6
81.8
87.5
90.2
71.3
91.4
89.4
82.0
96.6
90.2
97.1
82.1
76.6
93.4
83.6
70.5
91.9
88.3
79.9
83.3
86.2
97.8
89.0
88.6
75.0
77.2
75.9
74.0
95.8
95.4
88.1
76.0
90.6
85.2
62.3
86.5
82.0
92.3
91.9
85.5
83.5
0.1
90.3
90.5
81.7
90.4
94.0
72.5
88.4
72.0
76.3
74.3
75.4
70.6
92.0
88.9
72.7
90.3
86.1
94.7
88.8
93.0
97.7
95.9
92.7
89.7
63.3
74.8
97.5
83.6
93.5
97.7
86.7
95.1
84.9
89.2
93.1
82.9
92.4
91.5
87.1
97.7
86.1
65.8
92.2
93.2
91.4
88.1
86.7
71.5
95.7
97.5
93.3
95.4
89.2
86.9
93.7
95.4
95.8
84.9
85.1
95.0
74.5
94.5
95.6
73.6
74.9
57.6
0.4
57.9
77.0
77.7
75.5
90.3
93.2
87.6
90.9
94.1
83.3
63.0
84.4
85.1
81.1
88.4
86.1
93.2
84.4
83.8
93.6
94.5
83.2
83.0
95.6
87.9
88.9
79.7
86.7
87.6
95.7
82.6
64.0
92.2
89.5
67.3
88.6
94.2
97.7
81.2
91.8
92.8
89.3
92.6
76.5
94.9
95.6
80.0
87.5
83.2
93.6
74.1
68.8
82.2
74.5
78.8
81.7
86.9
92.0
74.6
86.8
97.6
81.2
84.7
79.3
88.1
78.9
98.1
87.8
81.1
0.0
93.9
95.8
0.0
94.8
77.5
66.9
97.8
84.7
84.4
76.1
94.9
93.8
93.1
97.8
82.8
81.2
85.1
93.7
68.4
82.8
87.8
86.3
84.9
67.6
0.0
82.1
86.6
94.6
89.4
77.1
86.9
93.6
86.1
93.3
73.1
85.2
89.3
97.1
85.5
85.8
78.1
86.1
93.3
83.8
88.4
73.9
92.5
89.0
88.7
89.8
89.8
92.4
88.0
97.5
0.0
98.0
70.6
83.8
91.6
93.1
82.9
91.6
75.4
96.1
70.6
0.0
90.6
88.0
89.0
85.6
96.9
91.9
87.1
89.7
77.5
57.6
94.3
77.7
69.9
80.0
93.1
93.1
81.8
94.4
79.2
96.8
85.8
93.7
89.3
96.0
98.1
89.7
84.9
75.6
92.5
89.3
85.3
95.6
81.0
75.8
63.7
87.8
97.7
68.2
79.4
90.8
89.6
89.9
86.4
89.3
88.1
65.8
69.4
76.0
81.1
80.2
87.7
89.2
66.7
93.4
94.1
94.9
86.0
94.3
91.8
85.9
95.1
81.6
93.3
85.9
71.1
78.2
89.0
81.7
85.5
74.2
67.2
92.7
96.7
97.4
88.7
69.2
94.9
84.8
85.2
98.5
92.7
90.5
93.6
97.3
97.5
97.1
77.2
0.0
74.5
91.7
88.1
88.0
72.2
96.4
87.8
56.7
76.6
87.9
72.8
84.4
97.0
86.6
81.6
82.0
93.8
0.0
87.4
94.3
90.5
96.0
95.2
95.1
93.6
87.7
86.0
79.5
76.2
89.4
87.5
92.3
94.4
96.0
91.0
90.1
91.6
72.9
94.9
94.0
56.9
90.6
79.9
0.1
78.7
91.4
92.4
91.0
90.4
82.5
92.0
75.4
95.1
92.1
95.8
91.6
93.0
89.9
0.0
90.3
95.1
81.8
89.0
80.5
90.7
97.9
64.5
74.6
77.3
77.0
80.1
88.8
87.6
88.7
84.3
96.2
85.0
86.4
89.6
0.0
87.7
0.0
96.2
90.5
88.0
95.0
87.7
75.6
77.8
75.9
96.6
81.1
96.8
68.3
92.9
91.0
91.1
0.0
97.9
88.0
84.5
77.0
